# JRE version: OpenJDK Runtime Environment Temurin-17.0.12+7 (17.0.12+7) (build 17.0.12+7)
# Java VM: OpenJDK 64-Bit Server VM Temurin-17.0.12+7 (17.0.12+7, mixed mode, tiered, compressed oops, compressed class ptrs, parallel gc, windows-amd64)
GC Precious Log:
 CPUs: 16 total, 16 available
 Memory: 15709M
 Large Page Support: Disabled
 NUMA Support: Disabled
 Compressed Oops: Enabled (32-bit)
 Alignments: Space 512K, Generation 512K, Heap 2M
 Heap Min Capacity: 100M
 Heap Initial Capacity: 100M
 Heap Max Capacity: 1G
 Pre-touch: Disabled
 Parallel Workers: 13
Heap:
 PSYoungGen      total 22016K, used 5456K [0x00000000eab00000, 0x00000000ec300000, 0x0000000100000000)
  eden space 19968K, 17% used [0x00000000eab00000,0x00000000eae73928,0x00000000ebe80000)
  from space 2048K, 93% used [0x00000000ec100000,0x00000000ec2e0810,0x00000000ec300000)
  to   space 2048K, 0% used [0x00000000ebe80000,0x00000000ebe80000,0x00000000ec080000)
 ParOldGen       total 68608K, used 38058K [0x00000000c0000000, 0x00000000c4300000, 0x00000000eab00000)
  object space 68608K, 55% used [0x00000000c0000000,0x00000000c252a9a8,0x00000000c4300000)
 Metaspace       used 66478K, committed 67520K, reserved 1114112K
  class space    used 7125K, committed 7616K, reserved 1048576K
GC Heap History (20 events):
Event: 12.465 GC heap before
{Heap before GC invocations=26 (full 2):
 PSYoungGen      total 24064K, used 23845K [0x00000000eab00000, 0x00000000ec480000, 0x0000000100000000)
  eden space 22016K, 100% used [0x00000000eab00000,0x00000000ec080000,0x00000000ec080000)
  from space 2048K, 89% used [0x00000000ec080000,0x00000000ec2494b8,0x00000000ec280000)
  to   space 2048K, 0% used [0x00000000ec280000,0x00000000ec280000,0x00000000ec480000)
 ParOldGen       total 68608K, used 30757K [0x00000000c0000000, 0x00000000c4300000, 0x00000000eab00000)
  object space 68608K, 44% used [0x00000000c0000000,0x00000000c1e09458,0x00000000c4300000)
 Metaspace       used 58595K, committed 59648K, reserved 1114112K
  class space    used 6250K, committed 6720K, reserved 1048576K
}
Event: 12.467 GC heap after
{Heap after GC invocations=26 (full 2):
 PSYoungGen      total 24064K, used 1952K [0x00000000eab00000, 0x00000000ec480000, 0x0000000100000000)
  eden space 22016K, 0% used [0x00000000eab00000,0x00000000eab00000,0x00000000ec080000)
  from space 2048K, 95% used [0x00000000ec280000,0x00000000ec468020,0x00000000ec480000)
  to   space 2048K, 0% used [0x00000000ec080000,0x00000000ec080000,0x00000000ec280000)
 ParOldGen       total 68608K, used 32133K [0x00000000c0000000, 0x00000000c4300000, 0x00000000eab00000)
  object space 68608K, 46% used [0x00000000c0000000,0x00000000c1f614a8,0x00000000c4300000)
 Metaspace       used 58595K, committed 59648K, reserved 1114112K
  class space    used 6250K, committed 6720K, reserved 1048576K
}
Event: 12.596 GC heap before
{Heap before GC invocations=27 (full 2):
 PSYoungGen      total 24064K, used 16881K [0x00000000eab00000, 0x00000000ec480000, 0x0000000100000000)
  eden space 22016K, 67% used [0x00000000eab00000,0x00000000eb994448,0x00000000ec080000)
  from space 2048K, 95% used [0x00000000ec280000,0x00000000ec468020,0x00000000ec480000)
  to   space 2048K, 0% used [0x00000000ec080000,0x00000000ec080000,0x00000000ec280000)
 ParOldGen       total 68608K, used 32133K [0x00000000c0000000, 0x00000000c4300000, 0x00000000eab00000)
  object space 68608K, 46% used [0x00000000c0000000,0x00000000c1f614a8,0x00000000c4300000)
 Metaspace       used 58767K, committed 59776K, reserved 1114112K
  class space    used 6263K, committed 6720K, reserved 1048576K
}
Event: 12.598 GC heap after
{Heap after GC invocations=27 (full 2):
 PSYoungGen      total 24064K, used 1440K [0x00000000eab00000, 0x00000000ec480000, 0x0000000100000000)
  eden space 22016K, 0% used [0x00000000eab00000,0x00000000eab00000,0x00000000ec080000)
  from space 2048K, 70% used [0x00000000ec080000,0x00000000ec1e8000,0x00000000ec280000)
  to   space 2048K, 0% used [0x00000000ec280000,0x00000000ec280000,0x00000000ec480000)
 ParOldGen       total 68608K, used 33557K [0x00000000c0000000, 0x00000000c4300000, 0x00000000eab00000)
  object space 68608K, 48% used [0x00000000c0000000,0x00000000c20c54a8,0x00000000c4300000)
 Metaspace       used 58767K, committed 59776K, reserved 1114112K
  class space    used 6263K, committed 6720K, reserved 1048576K
}
Event: 12.598 GC heap before
{Heap before GC invocations=28 (full 3):
 PSYoungGen      total 24064K, used 1440K [0x00000000eab00000, 0x00000000ec480000, 0x0000000100000000)
  eden space 22016K, 0% used [0x00000000eab00000,0x00000000eab00000,0x00000000ec080000)
  from space 2048K, 70% used [0x00000000ec080000,0x00000000ec1e8000,0x00000000ec280000)
  to   space 2048K, 0% used [0x00000000ec280000,0x00000000ec280000,0x00000000ec480000)
 ParOldGen       total 68608K, used 33557K [0x00000000c0000000, 0x00000000c4300000, 0x00000000eab00000)
  object space 68608K, 48% used [0x00000000c0000000,0x00000000c20c54a8,0x00000000c4300000)
 Metaspace       used 58767K, committed 59776K, reserved 1114112K
  class space    used 6263K, committed 6720K, reserved 1048576K
}
Event: 12.683 GC heap after
{Heap after GC invocations=28 (full 3):
 PSYoungGen      total 24064K, used 0K [0x00000000eab00000, 0x00000000ec480000, 0x0000000100000000)
  eden space 22016K, 0% used [0x00000000eab00000,0x00000000eab00000,0x00000000ec080000)
  from space 2048K, 0% used [0x00000000ec080000,0x00000000ec080000,0x00000000ec280000)
  to   space 2048K, 0% used [0x00000000ec280000,0x00000000ec280000,0x00000000ec480000)
 ParOldGen       total 68608K, used 30665K [0x00000000c0000000, 0x00000000c4300000, 0x00000000eab00000)
  object space 68608K, 44% used [0x00000000c0000000,0x00000000c1df26a0,0x00000000c4300000)
 Metaspace       used 58734K, committed 59776K, reserved 1114112K
  class space    used 6254K, committed 6720K, reserved 1048576K
}
Event: 13.634 GC heap before
{Heap before GC invocations=29 (full 3):
 PSYoungGen      total 24064K, used 22016K [0x00000000eab00000, 0x00000000ec480000, 0x0000000100000000)
  eden space 22016K, 100% used [0x00000000eab00000,0x00000000ec080000,0x00000000ec080000)
  from space 2048K, 0% used [0x00000000ec080000,0x00000000ec080000,0x00000000ec280000)
  to   space 2048K, 0% used [0x00000000ec280000,0x00000000ec280000,0x00000000ec480000)
 ParOldGen       total 68608K, used 30665K [0x00000000c0000000, 0x00000000c4300000, 0x00000000eab00000)
  object space 68608K, 44% used [0x00000000c0000000,0x00000000c1df26a0,0x00000000c4300000)
 Metaspace       used 60317K, committed 61376K, reserved 1114112K
  class space    used 6462K, committed 6912K, reserved 1048576K
}
Event: 13.636 GC heap after
{Heap after GC invocations=29 (full 3):
 PSYoungGen      total 23552K, used 1125K [0x00000000eab00000, 0x00000000ec400000, 0x0000000100000000)
  eden space 22016K, 0% used [0x00000000eab00000,0x00000000eab00000,0x00000000ec080000)
  from space 1536K, 73% used [0x00000000ec280000,0x00000000ec399678,0x00000000ec400000)
  to   space 1536K, 0% used [0x00000000ec100000,0x00000000ec100000,0x00000000ec280000)
 ParOldGen       total 68608K, used 30673K [0x00000000c0000000, 0x00000000c4300000, 0x00000000eab00000)
  object space 68608K, 44% used [0x00000000c0000000,0x00000000c1df46a0,0x00000000c4300000)
 Metaspace       used 60317K, committed 61376K, reserved 1114112K
  class space    used 6462K, committed 6912K, reserved 1048576K
}
Event: 13.951 GC heap before
{Heap before GC invocations=30 (full 3):
 PSYoungGen      total 23552K, used 23141K [0x00000000eab00000, 0x00000000ec400000, 0x0000000100000000)
  eden space 22016K, 100% used [0x00000000eab00000,0x00000000ec080000,0x00000000ec080000)
  from space 1536K, 73% used [0x00000000ec280000,0x00000000ec399678,0x00000000ec400000)
  to   space 1536K, 0% used [0x00000000ec100000,0x00000000ec100000,0x00000000ec280000)
 ParOldGen       total 68608K, used 30673K [0x00000000c0000000, 0x00000000c4300000, 0x00000000eab00000)
  object space 68608K, 44% used [0x00000000c0000000,0x00000000c1df46a0,0x00000000c4300000)
 Metaspace       used 62002K, committed 63040K, reserved 1114112K
  class space    used 6653K, committed 7104K, reserved 1048576K
}
Event: 13.954 GC heap after
{Heap after GC invocations=30 (full 3):
 PSYoungGen      total 23040K, used 928K [0x00000000eab00000, 0x00000000ec380000, 0x0000000100000000)
  eden space 22016K, 0% used [0x00000000eab00000,0x00000000eab00000,0x00000000ec080000)
  from space 1024K, 90% used [0x00000000ec100000,0x00000000ec1e8000,0x00000000ec200000)
  to   space 1536K, 0% used [0x00000000ec200000,0x00000000ec200000,0x00000000ec380000)
 ParOldGen       total 68608K, used 32276K [0x00000000c0000000, 0x00000000c4300000, 0x00000000eab00000)
  object space 68608K, 47% used [0x00000000c0000000,0x00000000c1f85268,0x00000000c4300000)
 Metaspace       used 62002K, committed 63040K, reserved 1114112K
  class space    used 6653K, committed 7104K, reserved 1048576K
}
Event: 14.477 GC heap before
{Heap before GC invocations=31 (full 3):
 PSYoungGen      total 23040K, used 22944K [0x00000000eab00000, 0x00000000ec380000, 0x0000000100000000)
  eden space 22016K, 100% used [0x00000000eab00000,0x00000000ec080000,0x00000000ec080000)
  from space 1024K, 90% used [0x00000000ec100000,0x00000000ec1e8000,0x00000000ec200000)
  to   space 1536K, 0% used [0x00000000ec200000,0x00000000ec200000,0x00000000ec380000)
 ParOldGen       total 68608K, used 32276K [0x00000000c0000000, 0x00000000c4300000, 0x00000000eab00000)
  object space 68608K, 47% used [0x00000000c0000000,0x00000000c1f85268,0x00000000c4300000)
 Metaspace       used 63765K, committed 64832K, reserved 1114112K
  class space    used 6822K, committed 7296K, reserved 1048576K
}
Event: 14.480 GC heap after
{Heap after GC invocations=31 (full 3):
 PSYoungGen      total 23552K, used 1018K [0x00000000eab00000, 0x00000000ec380000, 0x0000000100000000)
  eden space 22016K, 0% used [0x00000000eab00000,0x00000000eab00000,0x00000000ec080000)
  from space 1536K, 66% used [0x00000000ec200000,0x00000000ec2feb50,0x00000000ec380000)
  to   space 1536K, 0% used [0x00000000ec080000,0x00000000ec080000,0x00000000ec200000)
 ParOldGen       total 68608K, used 32938K [0x00000000c0000000, 0x00000000c4300000, 0x00000000eab00000)
  object space 68608K, 48% used [0x00000000c0000000,0x00000000c202a990,0x00000000c4300000)
 Metaspace       used 63765K, committed 64832K, reserved 1114112K
  class space    used 6822K, committed 7296K, reserved 1048576K
}
Event: 14.813 GC heap before
{Heap before GC invocations=32 (full 3):
 PSYoungGen      total 23552K, used 23033K [0x00000000eab00000, 0x00000000ec380000, 0x0000000100000000)
  eden space 22016K, 99% used [0x00000000eab00000,0x00000000ec07fb80,0x00000000ec080000)
  from space 1536K, 66% used [0x00000000ec200000,0x00000000ec2feb50,0x00000000ec380000)
  to   space 1536K, 0% used [0x00000000ec080000,0x00000000ec080000,0x00000000ec200000)
 ParOldGen       total 68608K, used 32938K [0x00000000c0000000, 0x00000000c4300000, 0x00000000eab00000)
  object space 68608K, 48% used [0x00000000c0000000,0x00000000c202a990,0x00000000c4300000)
 Metaspace       used 65362K, committed 66496K, reserved 1114112K
  class space    used 7010K, committed 7552K, reserved 1048576K
}
Event: 14.815 GC heap after
{Heap after GC invocations=32 (full 3):
 PSYoungGen      total 23552K, used 1360K [0x00000000eab00000, 0x00000000ec380000, 0x0000000100000000)
  eden space 22016K, 0% used [0x00000000eab00000,0x00000000eab00000,0x00000000ec080000)
  from space 1536K, 88% used [0x00000000ec080000,0x00000000ec1d4010,0x00000000ec200000)
  to   space 1536K, 0% used [0x00000000ec200000,0x00000000ec200000,0x00000000ec380000)
 ParOldGen       total 68608K, used 33770K [0x00000000c0000000, 0x00000000c4300000, 0x00000000eab00000)
  object space 68608K, 49% used [0x00000000c0000000,0x00000000c20fa918,0x00000000c4300000)
 Metaspace       used 65362K, committed 66496K, reserved 1114112K
  class space    used 7010K, committed 7552K, reserved 1048576K
}
Event: 14.996 GC heap before
{Heap before GC invocations=33 (full 3):
 PSYoungGen      total 23552K, used 23376K [0x00000000eab00000, 0x00000000ec380000, 0x0000000100000000)
  eden space 22016K, 100% used [0x00000000eab00000,0x00000000ec080000,0x00000000ec080000)
  from space 1536K, 88% used [0x00000000ec080000,0x00000000ec1d4010,0x00000000ec200000)
  to   space 1536K, 0% used [0x00000000ec200000,0x00000000ec200000,0x00000000ec380000)
 ParOldGen       total 68608K, used 33770K [0x00000000c0000000, 0x00000000c4300000, 0x00000000eab00000)
  object space 68608K, 49% used [0x00000000c0000000,0x00000000c20fa918,0x00000000c4300000)
 Metaspace       used 66045K, committed 67200K, reserved 1114112K
  class space    used 7097K, committed 7616K, reserved 1048576K
}
Event: 15.000 GC heap after
{Heap after GC invocations=33 (full 3):
 PSYoungGen      total 21504K, used 1528K [0x00000000eab00000, 0x00000000ec780000, 0x0000000100000000)
  eden space 19968K, 0% used [0x00000000eab00000,0x00000000eab00000,0x00000000ebe80000)
  from space 1536K, 99% used [0x00000000ec200000,0x00000000ec37e240,0x00000000ec380000)
  to   space 3584K, 0% used [0x00000000ebe80000,0x00000000ebe80000,0x00000000ec200000)
 ParOldGen       total 68608K, used 35090K [0x00000000c0000000, 0x00000000c4300000, 0x00000000eab00000)
  object space 68608K, 51% used [0x00000000c0000000,0x00000000c2244958,0x00000000c4300000)
 Metaspace       used 66045K, committed 67200K, reserved 1114112K
  class space    used 7097K, committed 7616K, reserved 1048576K
}
Event: 15.142 GC heap before
{Heap before GC invocations=34 (full 3):
 PSYoungGen      total 21504K, used 21496K [0x00000000eab00000, 0x00000000ec780000, 0x0000000100000000)
  eden space 19968K, 100% used [0x00000000eab00000,0x00000000ebe80000,0x00000000ebe80000)
  from space 1536K, 99% used [0x00000000ec200000,0x00000000ec37e240,0x00000000ec380000)
  to   space 3584K, 0% used [0x00000000ebe80000,0x00000000ebe80000,0x00000000ec200000)
 ParOldGen       total 68608K, used 35090K [0x00000000c0000000, 0x00000000c4300000, 0x00000000eab00000)
  object space 68608K, 51% used [0x00000000c0000000,0x00000000c2244958,0x00000000c4300000)
 Metaspace       used 66240K, committed 67328K, reserved 1114112K
  class space    used 7114K, committed 7616K, reserved 1048576K
}
Event: 15.146 GC heap after
{Heap after GC invocations=34 (full 3):
 PSYoungGen      total 22016K, used 1777K [0x00000000eab00000, 0x00000000ec380000, 0x0000000100000000)
  eden space 19968K, 0% used [0x00000000eab00000,0x00000000eab00000,0x00000000ebe80000)
  from space 2048K, 86% used [0x00000000ebe80000,0x00000000ec03c410,0x00000000ec080000)
  to   space 2560K, 0% used [0x00000000ec100000,0x00000000ec100000,0x00000000ec380000)
 ParOldGen       total 68608K, used 36514K [0x00000000c0000000, 0x00000000c4300000, 0x00000000eab00000)
  object space 68608K, 53% used [0x00000000c0000000,0x00000000c23a89a8,0x00000000c4300000)
 Metaspace       used 66240K, committed 67328K, reserved 1114112K
  class space    used 7114K, committed 7616K, reserved 1048576K
}
Event: 15.264 GC heap before
{Heap before GC invocations=35 (full 3):
 PSYoungGen      total 22016K, used 21745K [0x00000000eab00000, 0x00000000ec380000, 0x0000000100000000)
  eden space 19968K, 100% used [0x00000000eab00000,0x00000000ebe80000,0x00000000ebe80000)
  from space 2048K, 86% used [0x00000000ebe80000,0x00000000ec03c410,0x00000000ec080000)
  to   space 2560K, 0% used [0x00000000ec100000,0x00000000ec100000,0x00000000ec380000)
 ParOldGen       total 68608K, used 36514K [0x00000000c0000000, 0x00000000c4300000, 0x00000000eab00000)
  object space 68608K, 53% used [0x00000000c0000000,0x00000000c23a89a8,0x00000000c4300000)
 Metaspace       used 66399K, committed 67520K, reserved 1114112K
  class space    used 7121K, committed 7616K, reserved 1048576K
}
Event: 15.271 GC heap after
{Heap after GC invocations=35 (full 3):
 PSYoungGen      total 22016K, used 1922K [0x00000000eab00000, 0x00000000ec300000, 0x0000000100000000)
  eden space 19968K, 0% used [0x00000000eab00000,0x00000000eab00000,0x00000000ebe80000)
  from space 2048K, 93% used [0x00000000ec100000,0x00000000ec2e0810,0x00000000ec300000)
  to   space 2048K, 0% used [0x00000000ebe80000,0x00000000ebe80000,0x00000000ec080000)
 ParOldGen       total 68608K, used 38058K [0x00000000c0000000, 0x00000000c4300000, 0x00000000eab00000)
  object space 68608K, 55% used [0x00000000c0000000,0x00000000c252a9a8,0x00000000c4300000)
 Metaspace       used 66399K, committed 67520K, reserved 1114112K
  class space    used 7121K, committed 7616K, reserved 1048576K
}

