# JRE version: OpenJDK Runtime Environment Temurin-17.0.12+7 (17.0.12+7) (build 17.0.12+7)
# Java VM: OpenJDK 64-Bit Server VM Temurin-17.0.12+7 (17.0.12+7, mixed mode, tiered, compressed oops, compressed class ptrs, parallel gc, windows-amd64)
GC Precious Log:
 CPUs: 16 total, 16 available
 Memory: 15709M
 Large Page Support: Disabled
 NUMA Support: Disabled
 Compressed Oops: Enabled (32-bit)
 Alignments: Space 512K, Generation 512K, Heap 2M
 Heap Min Capacity: 100M
 Heap Initial Capacity: 100M
 Heap Max Capacity: 1G
 Pre-touch: Disabled
 Parallel Workers: 13
Heap:
 PSYoungGen      total 6144K, used 4100K [0x00000000eab00000, 0x00000000eb280000, 0x0000000100000000)
  eden space 4608K, 62% used [0x00000000eab00000,0x00000000eadd1038,0x00000000eaf80000)
  from space 1536K, 79% used [0x00000000eb100000,0x00000000eb230000,0x00000000eb280000)
  to   space 1536K, 0% used [0x00000000eaf80000,0x00000000eaf80000,0x00000000eb100000)
 ParOldGen       total 159744K, used 157411K [0x00000000c0000000, 0x00000000c9c00000, 0x00000000eab00000)
  object space 159744K, 98% used [0x00000000c0000000,0x00000000c99b8fe0,0x00000000c9c00000)
 Metaspace       used 61754K, committed 62848K, reserved 1114112K
  class space    used 6529K, committed 6976K, reserved 1048576K
GC Heap History (20 events):
Event: 12.783 GC heap before
{Heap before GC invocations=92 (full 6):
 PSYoungGen      total 6144K, used 6125K [0x00000000eab00000, 0x00000000eb380000, 0x0000000100000000)
  eden space 4608K, 100% used [0x00000000eab00000,0x00000000eaf80000,0x00000000eaf80000)
  from space 1536K, 98% used [0x00000000eaf80000,0x00000000eb0fb520,0x00000000eb100000)
  to   space 2048K, 0% used [0x00000000eb180000,0x00000000eb180000,0x00000000eb380000)
 ParOldGen       total 159744K, used 150017K [0x00000000c0000000, 0x00000000c9c00000, 0x00000000eab00000)
  object space 159744K, 93% used [0x00000000c0000000,0x00000000c92804f0,0x00000000c9c00000)
 Metaspace       used 61251K, committed 62400K, reserved 1114112K
  class space    used 6492K, committed 6976K, reserved 1048576K
}
Event: 12.787 GC heap after
{Heap after GC invocations=92 (full 6):
 PSYoungGen      total 5632K, used 1023K [0x00000000eab00000, 0x00000000eb280000, 0x0000000100000000)
  eden space 4608K, 0% used [0x00000000eab00000,0x00000000eab00000,0x00000000eaf80000)
  from space 1024K, 99% used [0x00000000eb180000,0x00000000eb27ff38,0x00000000eb280000)
  to   space 1536K, 0% used [0x00000000eaf80000,0x00000000eaf80000,0x00000000eb100000)
 ParOldGen       total 159744K, used 151454K [0x00000000c0000000, 0x00000000c9c00000, 0x00000000eab00000)
  object space 159744K, 94% used [0x00000000c0000000,0x00000000c93e7ab0,0x00000000c9c00000)
 Metaspace       used 61251K, committed 62400K, reserved 1114112K
  class space    used 6492K, committed 6976K, reserved 1048576K
}
Event: 12.819 GC heap before
{Heap before GC invocations=93 (full 6):
 PSYoungGen      total 5632K, used 5631K [0x00000000eab00000, 0x00000000eb280000, 0x0000000100000000)
  eden space 4608K, 100% used [0x00000000eab00000,0x00000000eaf80000,0x00000000eaf80000)
  from space 1024K, 99% used [0x00000000eb180000,0x00000000eb27ff38,0x00000000eb280000)
  to   space 1536K, 0% used [0x00000000eaf80000,0x00000000eaf80000,0x00000000eb100000)
 ParOldGen       total 159744K, used 151454K [0x00000000c0000000, 0x00000000c9c00000, 0x00000000eab00000)
  object space 159744K, 94% used [0x00000000c0000000,0x00000000c93e7ab0,0x00000000c9c00000)
 Metaspace       used 61273K, committed 62400K, reserved 1114112K
  class space    used 6492K, committed 6976K, reserved 1048576K
}
Event: 12.824 GC heap after
{Heap after GC invocations=93 (full 6):
 PSYoungGen      total 6144K, used 1356K [0x00000000eab00000, 0x00000000eb280000, 0x0000000100000000)
  eden space 4608K, 0% used [0x00000000eab00000,0x00000000eab00000,0x00000000eaf80000)
  from space 1536K, 88% used [0x00000000eaf80000,0x00000000eb0d3128,0x00000000eb100000)
  to   space 1536K, 0% used [0x00000000eb100000,0x00000000eb100000,0x00000000eb280000)
 ParOldGen       total 159744K, used 152282K [0x00000000c0000000, 0x00000000c9c00000, 0x00000000eab00000)
  object space 159744K, 95% used [0x00000000c0000000,0x00000000c94b6ad8,0x00000000c9c00000)
 Metaspace       used 61273K, committed 62400K, reserved 1114112K
  class space    used 6492K, committed 6976K, reserved 1048576K
}
Event: 12.851 GC heap before
{Heap before GC invocations=94 (full 6):
 PSYoungGen      total 6144K, used 5964K [0x00000000eab00000, 0x00000000eb280000, 0x0000000100000000)
  eden space 4608K, 100% used [0x00000000eab00000,0x00000000eaf80000,0x00000000eaf80000)
  from space 1536K, 88% used [0x00000000eaf80000,0x00000000eb0d3128,0x00000000eb100000)
  to   space 1536K, 0% used [0x00000000eb100000,0x00000000eb100000,0x00000000eb280000)
 ParOldGen       total 159744K, used 152282K [0x00000000c0000000, 0x00000000c9c00000, 0x00000000eab00000)
  object space 159744K, 95% used [0x00000000c0000000,0x00000000c94b6ad8,0x00000000c9c00000)
 Metaspace       used 61312K, committed 62464K, reserved 1114112K
  class space    used 6498K, committed 6976K, reserved 1048576K
}
Event: 12.856 GC heap after
{Heap after GC invocations=94 (full 6):
 PSYoungGen      total 6144K, used 1293K [0x00000000eab00000, 0x00000000eb280000, 0x0000000100000000)
  eden space 4608K, 0% used [0x00000000eab00000,0x00000000eab00000,0x00000000eaf80000)
  from space 1536K, 84% used [0x00000000eb100000,0x00000000eb243558,0x00000000eb280000)
  to   space 1536K, 0% used [0x00000000eaf80000,0x00000000eaf80000,0x00000000eb100000)
 ParOldGen       total 159744K, used 153492K [0x00000000c0000000, 0x00000000c9c00000, 0x00000000eab00000)
  object space 159744K, 96% used [0x00000000c0000000,0x00000000c95e5158,0x00000000c9c00000)
 Metaspace       used 61312K, committed 62464K, reserved 1114112K
  class space    used 6498K, committed 6976K, reserved 1048576K
}
Event: 12.898 GC heap before
{Heap before GC invocations=95 (full 6):
 PSYoungGen      total 6144K, used 5901K [0x00000000eab00000, 0x00000000eb280000, 0x0000000100000000)
  eden space 4608K, 100% used [0x00000000eab00000,0x00000000eaf80000,0x00000000eaf80000)
  from space 1536K, 84% used [0x00000000eb100000,0x00000000eb243558,0x00000000eb280000)
  to   space 1536K, 0% used [0x00000000eaf80000,0x00000000eaf80000,0x00000000eb100000)
 ParOldGen       total 159744K, used 153492K [0x00000000c0000000, 0x00000000c9c00000, 0x00000000eab00000)
  object space 159744K, 96% used [0x00000000c0000000,0x00000000c95e5158,0x00000000c9c00000)
 Metaspace       used 61403K, committed 62528K, reserved 1114112K
  class space    used 6511K, committed 6976K, reserved 1048576K
}
Event: 12.901 GC heap after
{Heap after GC invocations=95 (full 6):
 PSYoungGen      total 6144K, used 1171K [0x00000000eab00000, 0x00000000eb280000, 0x0000000100000000)
  eden space 4608K, 0% used [0x00000000eab00000,0x00000000eab00000,0x00000000eaf80000)
  from space 1536K, 76% used [0x00000000eaf80000,0x00000000eb0a4dd0,0x00000000eb100000)
  to   space 1536K, 0% used [0x00000000eb100000,0x00000000eb100000,0x00000000eb280000)
 ParOldGen       total 159744K, used 154578K [0x00000000c0000000, 0x00000000c9c00000, 0x00000000eab00000)
  object space 159744K, 96% used [0x00000000c0000000,0x00000000c96f4af8,0x00000000c9c00000)
 Metaspace       used 61403K, committed 62528K, reserved 1114112K
  class space    used 6511K, committed 6976K, reserved 1048576K
}
Event: 12.939 GC heap before
{Heap before GC invocations=96 (full 6):
 PSYoungGen      total 6144K, used 5779K [0x00000000eab00000, 0x00000000eb280000, 0x0000000100000000)
  eden space 4608K, 100% used [0x00000000eab00000,0x00000000eaf80000,0x00000000eaf80000)
  from space 1536K, 76% used [0x00000000eaf80000,0x00000000eb0a4dd0,0x00000000eb100000)
  to   space 1536K, 0% used [0x00000000eb100000,0x00000000eb100000,0x00000000eb280000)
 ParOldGen       total 159744K, used 154578K [0x00000000c0000000, 0x00000000c9c00000, 0x00000000eab00000)
  object space 159744K, 96% used [0x00000000c0000000,0x00000000c96f4af8,0x00000000c9c00000)
 Metaspace       used 61475K, committed 62592K, reserved 1114112K
  class space    used 6516K, committed 6976K, reserved 1048576K
}
Event: 12.945 GC heap after
{Heap after GC invocations=96 (full 6):
 PSYoungGen      total 6144K, used 1188K [0x00000000eab00000, 0x00000000eb280000, 0x0000000100000000)
  eden space 4608K, 0% used [0x00000000eab00000,0x00000000eab00000,0x00000000eaf80000)
  from space 1536K, 77% used [0x00000000eb100000,0x00000000eb2293a8,0x00000000eb280000)
  to   space 1536K, 0% used [0x00000000eaf80000,0x00000000eaf80000,0x00000000eb100000)
 ParOldGen       total 159744K, used 155596K [0x00000000c0000000, 0x00000000c9c00000, 0x00000000eab00000)
  object space 159744K, 97% used [0x00000000c0000000,0x00000000c97f3268,0x00000000c9c00000)
 Metaspace       used 61475K, committed 62592K, reserved 1114112K
  class space    used 6516K, committed 6976K, reserved 1048576K
}
Event: 12.998 GC heap before
{Heap before GC invocations=97 (full 6):
 PSYoungGen      total 6144K, used 5789K [0x00000000eab00000, 0x00000000eb280000, 0x0000000100000000)
  eden space 4608K, 99% used [0x00000000eab00000,0x00000000eaf7e370,0x00000000eaf80000)
  from space 1536K, 77% used [0x00000000eb100000,0x00000000eb2293a8,0x00000000eb280000)
  to   space 1536K, 0% used [0x00000000eaf80000,0x00000000eaf80000,0x00000000eb100000)
 ParOldGen       total 159744K, used 155596K [0x00000000c0000000, 0x00000000c9c00000, 0x00000000eab00000)
  object space 159744K, 97% used [0x00000000c0000000,0x00000000c97f3268,0x00000000c9c00000)
 Metaspace       used 61533K, committed 62656K, reserved 1114112K
  class space    used 6518K, committed 6976K, reserved 1048576K
}
Event: 13.000 GC heap after
{Heap after GC invocations=97 (full 6):
 PSYoungGen      total 6144K, used 1276K [0x00000000eab00000, 0x00000000eb280000, 0x0000000100000000)
  eden space 4608K, 0% used [0x00000000eab00000,0x00000000eab00000,0x00000000eaf80000)
  from space 1536K, 83% used [0x00000000eaf80000,0x00000000eb0bf378,0x00000000eb100000)
  to   space 1536K, 0% used [0x00000000eb100000,0x00000000eb100000,0x00000000eb280000)
 ParOldGen       total 159744K, used 156641K [0x00000000c0000000, 0x00000000c9c00000, 0x00000000eab00000)
  object space 159744K, 98% used [0x00000000c0000000,0x00000000c98f8508,0x00000000c9c00000)
 Metaspace       used 61533K, committed 62656K, reserved 1114112K
  class space    used 6518K, committed 6976K, reserved 1048576K
}
Event: 13.029 GC heap before
{Heap before GC invocations=98 (full 6):
 PSYoungGen      total 6144K, used 5884K [0x00000000eab00000, 0x00000000eb280000, 0x0000000100000000)
  eden space 4608K, 100% used [0x00000000eab00000,0x00000000eaf80000,0x00000000eaf80000)
  from space 1536K, 83% used [0x00000000eaf80000,0x00000000eb0bf378,0x00000000eb100000)
  to   space 1536K, 0% used [0x00000000eb100000,0x00000000eb100000,0x00000000eb280000)
 ParOldGen       total 159744K, used 156641K [0x00000000c0000000, 0x00000000c9c00000, 0x00000000eab00000)
  object space 159744K, 98% used [0x00000000c0000000,0x00000000c98f8508,0x00000000c9c00000)
 Metaspace       used 61583K, committed 62720K, reserved 1114112K
  class space    used 6522K, committed 6976K, reserved 1048576K
}
Event: 13.031 GC heap after
{Heap after GC invocations=98 (full 6):
 PSYoungGen      total 6144K, used 1113K [0x00000000eab00000, 0x00000000eb280000, 0x0000000100000000)
  eden space 4608K, 0% used [0x00000000eab00000,0x00000000eab00000,0x00000000eaf80000)
  from space 1536K, 72% used [0x00000000eb100000,0x00000000eb216718,0x00000000eb280000)
  to   space 1536K, 0% used [0x00000000eaf80000,0x00000000eaf80000,0x00000000eb100000)
 ParOldGen       total 159744K, used 157620K [0x00000000c0000000, 0x00000000c9c00000, 0x00000000eab00000)
  object space 159744K, 98% used [0x00000000c0000000,0x00000000c99ed210,0x00000000c9c00000)
 Metaspace       used 61583K, committed 62720K, reserved 1114112K
  class space    used 6522K, committed 6976K, reserved 1048576K
}
Event: 13.065 GC heap before
{Heap before GC invocations=99 (full 6):
 PSYoungGen      total 6144K, used 5721K [0x00000000eab00000, 0x00000000eb280000, 0x0000000100000000)
  eden space 4608K, 100% used [0x00000000eab00000,0x00000000eaf80000,0x00000000eaf80000)
  from space 1536K, 72% used [0x00000000eb100000,0x00000000eb216718,0x00000000eb280000)
  to   space 1536K, 0% used [0x00000000eaf80000,0x00000000eaf80000,0x00000000eb100000)
 ParOldGen       total 159744K, used 157620K [0x00000000c0000000, 0x00000000c9c00000, 0x00000000eab00000)
  object space 159744K, 98% used [0x00000000c0000000,0x00000000c99ed210,0x00000000c9c00000)
 Metaspace       used 61606K, committed 62720K, reserved 1114112K
  class space    used 6524K, committed 6976K, reserved 1048576K
}
Event: 13.069 GC heap after
{Heap after GC invocations=99 (full 6):
 PSYoungGen      total 6144K, used 1396K [0x00000000eab00000, 0x00000000eb280000, 0x0000000100000000)
  eden space 4608K, 0% used [0x00000000eab00000,0x00000000eab00000,0x00000000eaf80000)
  from space 1536K, 90% used [0x00000000eaf80000,0x00000000eb0dd2f8,0x00000000eb100000)
  to   space 1536K, 0% used [0x00000000eb100000,0x00000000eb100000,0x00000000eb280000)
 ParOldGen       total 159744K, used 158576K [0x00000000c0000000, 0x00000000c9c00000, 0x00000000eab00000)
  object space 159744K, 99% used [0x00000000c0000000,0x00000000c9adc098,0x00000000c9c00000)
 Metaspace       used 61606K, committed 62720K, reserved 1114112K
  class space    used 6524K, committed 6976K, reserved 1048576K
}
Event: 13.111 GC heap before
{Heap before GC invocations=100 (full 6):
 PSYoungGen      total 6144K, used 6004K [0x00000000eab00000, 0x00000000eb280000, 0x0000000100000000)
  eden space 4608K, 100% used [0x00000000eab00000,0x00000000eaf80000,0x00000000eaf80000)
  from space 1536K, 90% used [0x00000000eaf80000,0x00000000eb0dd2f8,0x00000000eb100000)
  to   space 1536K, 0% used [0x00000000eb100000,0x00000000eb100000,0x00000000eb280000)
 ParOldGen       total 159744K, used 158576K [0x00000000c0000000, 0x00000000c9c00000, 0x00000000eab00000)
  object space 159744K, 99% used [0x00000000c0000000,0x00000000c9adc098,0x00000000c9c00000)
 Metaspace       used 61684K, committed 62784K, reserved 1114112K
  class space    used 6525K, committed 6976K, reserved 1048576K
}
Event: 13.113 GC heap after
{Heap after GC invocations=100 (full 6):
 PSYoungGen      total 6144K, used 1188K [0x00000000eab00000, 0x00000000eb280000, 0x0000000100000000)
  eden space 4608K, 0% used [0x00000000eab00000,0x00000000eab00000,0x00000000eaf80000)
  from space 1536K, 77% used [0x00000000eb100000,0x00000000eb229278,0x00000000eb280000)
  to   space 1536K, 0% used [0x00000000eaf80000,0x00000000eaf80000,0x00000000eb100000)
 ParOldGen       total 159744K, used 159696K [0x00000000c0000000, 0x00000000c9c00000, 0x00000000eab00000)
  object space 159744K, 99% used [0x00000000c0000000,0x00000000c9bf43b8,0x00000000c9c00000)
 Metaspace       used 61684K, committed 62784K, reserved 1114112K
  class space    used 6525K, committed 6976K, reserved 1048576K
}
Event: 13.113 GC heap before
{Heap before GC invocations=101 (full 7):
 PSYoungGen      total 6144K, used 1188K [0x00000000eab00000, 0x00000000eb280000, 0x0000000100000000)
  eden space 4608K, 0% used [0x00000000eab00000,0x00000000eab00000,0x00000000eaf80000)
  from space 1536K, 77% used [0x00000000eb100000,0x00000000eb229278,0x00000000eb280000)
  to   space 1536K, 0% used [0x00000000eaf80000,0x00000000eaf80000,0x00000000eb100000)
 ParOldGen       total 159744K, used 159696K [0x00000000c0000000, 0x00000000c9c00000, 0x00000000eab00000)
  object space 159744K, 99% used [0x00000000c0000000,0x00000000c9bf43b8,0x00000000c9c00000)
 Metaspace       used 61684K, committed 62784K, reserved 1114112K
  class space    used 6525K, committed 6976K, reserved 1048576K
}
Event: 13.201 GC heap after
{Heap after GC invocations=101 (full 7):
 PSYoungGen      total 6144K, used 0K [0x00000000eab00000, 0x00000000eb280000, 0x0000000100000000)
  eden space 4608K, 0% used [0x00000000eab00000,0x00000000eab00000,0x00000000eaf80000)
  from space 1536K, 0% used [0x00000000eaf80000,0x00000000eaf80000,0x00000000eb100000)
  to   space 1536K, 0% used [0x00000000eb100000,0x00000000eb100000,0x00000000eb280000)
 ParOldGen       total 159744K, used 157411K [0x00000000c0000000, 0x00000000c9c00000, 0x00000000eab00000)
  object space 159744K, 98% used [0x00000000c0000000,0x00000000c99b8fe0,0x00000000c9c00000)
 Metaspace       used 61684K, committed 62784K, reserved 1114112K
  class space    used 6525K, committed 6976K, reserved 1048576K
}

