# JRE version: OpenJDK Runtime Environment Temurin-17.0.12+7 (17.0.12+7) (build 17.0.12+7)
# Java VM: OpenJDK 64-Bit Server VM Temurin-17.0.12+7 (17.0.12+7, mixed mode, tiered, compressed oops, compressed class ptrs, parallel gc, windows-amd64)
GC Precious Log:
 CPUs: 16 total, 16 available
 Memory: 15709M
 Large Page Support: Disabled
 NUMA Support: Disabled
 Compressed Oops: Enabled (32-bit)
 Alignments: Space 512K, Generation 512K, Heap 2M
 Heap Min Capacity: 100M
 Heap Initial Capacity: 100M
 Heap Max Capacity: 1G
 Pre-touch: Disabled
 Parallel Workers: 13
Heap:
 PSYoungGen      total 2048K, used 1031K [0x00000000eab00000, 0x00000000eaf00000, 0x0000000100000000)
  eden space 1024K, 1% used [0x00000000eab00000,0x00000000eab050a0,0x00000000eac00000)
  from space 1024K, 98% used [0x00000000eae00000,0x00000000eaefce30,0x00000000eaf00000)
  to   space 1536K, 0% used [0x00000000eac80000,0x00000000eac80000,0x00000000eae00000)
 ParOldGen       total 265216K, used 247711K [0x00000000c0000000, 0x00000000d0300000, 0x00000000eab00000)
  object space 265216K, 93% used [0x00000000c0000000,0x00000000cf1e7ff8,0x00000000d0300000)
 Metaspace       used 78099K, committed 79488K, reserved 1179648K
  class space    used 8238K, committed 8832K, reserved 1048576K
GC Heap History (20 events):
Event: 38.833 GC heap before
{Heap before GC invocations=447 (full 17):
 PSYoungGen      total 3072K, used 3022K [0x00000000eab00000, 0x00000000eb680000, 0x0000000100000000)
  eden space 512K, 92% used [0x00000000eab00000,0x00000000eab75cf0,0x00000000eab80000)
  from space 2560K, 99% used [0x00000000eb000000,0x00000000eb27dee0,0x00000000eb280000)
  to   space 4608K, 0% used [0x00000000eab80000,0x00000000eab80000,0x00000000eb000000)
 ParOldGen       total 265216K, used 235682K [0x00000000c0000000, 0x00000000d0300000, 0x00000000eab00000)
  object space 265216K, 88% used [0x00000000c0000000,0x00000000ce628bb8,0x00000000d0300000)
 Metaspace       used 78099K, committed 79488K, reserved 1179648K
  class space    used 8238K, committed 8832K, reserved 1048576K
}
Event: 38.836 GC heap after
{Heap after GC invocations=447 (full 17):
 PSYoungGen      total 1536K, used 704K [0x00000000eab00000, 0x00000000eb080000, 0x0000000100000000)
  eden space 512K, 0% used [0x00000000eab00000,0x00000000eab00000,0x00000000eab80000)
  from space 1024K, 68% used [0x00000000eab80000,0x00000000eac30000,0x00000000eac80000)
  to   space 2048K, 0% used [0x00000000eae80000,0x00000000eae80000,0x00000000eb080000)
 ParOldGen       total 265216K, used 238279K [0x00000000c0000000, 0x00000000d0300000, 0x00000000eab00000)
  object space 265216K, 89% used [0x00000000c0000000,0x00000000ce8b1fd8,0x00000000d0300000)
 Metaspace       used 78099K, committed 79488K, reserved 1179648K
  class space    used 8238K, committed 8832K, reserved 1048576K
}
Event: 38.865 GC heap before
{Heap before GC invocations=448 (full 17):
 PSYoungGen      total 1536K, used 1216K [0x00000000eab00000, 0x00000000eb080000, 0x0000000100000000)
  eden space 512K, 100% used [0x00000000eab00000,0x00000000eab80000,0x00000000eab80000)
  from space 1024K, 68% used [0x00000000eab80000,0x00000000eac30000,0x00000000eac80000)
  to   space 2048K, 0% used [0x00000000eae80000,0x00000000eae80000,0x00000000eb080000)
 ParOldGen       total 265216K, used 238279K [0x00000000c0000000, 0x00000000d0300000, 0x00000000eab00000)
  object space 265216K, 89% used [0x00000000c0000000,0x00000000ce8b1fd8,0x00000000d0300000)
 Metaspace       used 78099K, committed 79488K, reserved 1179648K
  class space    used 8238K, committed 8832K, reserved 1048576K
}
Event: 38.868 GC heap after
{Heap after GC invocations=448 (full 17):
 PSYoungGen      total 1536K, used 716K [0x00000000eab00000, 0x00000000eaf80000, 0x0000000100000000)
  eden space 512K, 0% used [0x00000000eab00000,0x00000000eab00000,0x00000000eab80000)
  from space 1024K, 69% used [0x00000000eae80000,0x00000000eaf33000,0x00000000eaf80000)
  to   space 1024K, 0% used [0x00000000eab80000,0x00000000eab80000,0x00000000eac80000)
 ParOldGen       total 265216K, used 238791K [0x00000000c0000000, 0x00000000d0300000, 0x00000000eab00000)
  object space 265216K, 90% used [0x00000000c0000000,0x00000000ce931fd8,0x00000000d0300000)
 Metaspace       used 78099K, committed 79488K, reserved 1179648K
  class space    used 8238K, committed 8832K, reserved 1048576K
}
Event: 38.883 GC heap before
{Heap before GC invocations=449 (full 17):
 PSYoungGen      total 1536K, used 1224K [0x00000000eab00000, 0x00000000eaf80000, 0x0000000100000000)
  eden space 512K, 99% used [0x00000000eab00000,0x00000000eab7f308,0x00000000eab80000)
  from space 1024K, 69% used [0x00000000eae80000,0x00000000eaf33000,0x00000000eaf80000)
  to   space 1024K, 0% used [0x00000000eab80000,0x00000000eab80000,0x00000000eac80000)
 ParOldGen       total 265216K, used 238791K [0x00000000c0000000, 0x00000000d0300000, 0x00000000eab00000)
  object space 265216K, 90% used [0x00000000c0000000,0x00000000ce931fd8,0x00000000d0300000)
 Metaspace       used 78099K, committed 79488K, reserved 1179648K
  class space    used 8238K, committed 8832K, reserved 1048576K
}
Event: 38.887 GC heap after
{Heap after GC invocations=449 (full 17):
 PSYoungGen      total 1536K, used 660K [0x00000000eab00000, 0x00000000eaf00000, 0x0000000100000000)
  eden space 512K, 0% used [0x00000000eab00000,0x00000000eab00000,0x00000000eab80000)
  from space 1024K, 64% used [0x00000000eab80000,0x00000000eac25000,0x00000000eac80000)
  to   space 1024K, 0% used [0x00000000eae00000,0x00000000eae00000,0x00000000eaf00000)
 ParOldGen       total 265216K, used 239329K [0x00000000c0000000, 0x00000000d0300000, 0x00000000eab00000)
  object space 265216K, 90% used [0x00000000c0000000,0x00000000ce9b8528,0x00000000d0300000)
 Metaspace       used 78099K, committed 79488K, reserved 1179648K
  class space    used 8238K, committed 8832K, reserved 1048576K
}
Event: 38.913 GC heap before
{Heap before GC invocations=450 (full 17):
 PSYoungGen      total 1536K, used 1172K [0x00000000eab00000, 0x00000000eaf00000, 0x0000000100000000)
  eden space 512K, 100% used [0x00000000eab00000,0x00000000eab80000,0x00000000eab80000)
  from space 1024K, 64% used [0x00000000eab80000,0x00000000eac25000,0x00000000eac80000)
  to   space 1024K, 0% used [0x00000000eae00000,0x00000000eae00000,0x00000000eaf00000)
 ParOldGen       total 265216K, used 239693K [0x00000000c0000000, 0x00000000d0300000, 0x00000000eab00000)
  object space 265216K, 90% used [0x00000000c0000000,0x00000000cea13528,0x00000000d0300000)
 Metaspace       used 78099K, committed 79488K, reserved 1179648K
  class space    used 8238K, committed 8832K, reserved 1048576K
}
Event: 38.915 GC heap after
{Heap after GC invocations=450 (full 17):
 PSYoungGen      total 1536K, used 780K [0x00000000eab00000, 0x00000000eaf00000, 0x0000000100000000)
  eden space 512K, 0% used [0x00000000eab00000,0x00000000eab00000,0x00000000eab80000)
  from space 1024K, 76% used [0x00000000eae00000,0x00000000eaec3000,0x00000000eaf00000)
  to   space 1024K, 0% used [0x00000000eab80000,0x00000000eab80000,0x00000000eac80000)
 ParOldGen       total 265216K, used 240238K [0x00000000c0000000, 0x00000000d0300000, 0x00000000eab00000)
  object space 265216K, 90% used [0x00000000c0000000,0x00000000cea9ba68,0x00000000d0300000)
 Metaspace       used 78099K, committed 79488K, reserved 1179648K
  class space    used 8238K, committed 8832K, reserved 1048576K
}
Event: 38.930 GC heap before
{Heap before GC invocations=451 (full 17):
 PSYoungGen      total 1536K, used 1292K [0x00000000eab00000, 0x00000000eaf00000, 0x0000000100000000)
  eden space 512K, 100% used [0x00000000eab00000,0x00000000eab80000,0x00000000eab80000)
  from space 1024K, 76% used [0x00000000eae00000,0x00000000eaec3000,0x00000000eaf00000)
  to   space 1024K, 0% used [0x00000000eab80000,0x00000000eab80000,0x00000000eac80000)
 ParOldGen       total 265216K, used 240238K [0x00000000c0000000, 0x00000000d0300000, 0x00000000eab00000)
  object space 265216K, 90% used [0x00000000c0000000,0x00000000cea9ba68,0x00000000d0300000)
 Metaspace       used 78099K, committed 79488K, reserved 1179648K
  class space    used 8238K, committed 8832K, reserved 1048576K
}
Event: 38.931 GC heap after
{Heap after GC invocations=451 (full 17):
 PSYoungGen      total 1536K, used 775K [0x00000000eab00000, 0x00000000eae80000, 0x0000000100000000)
  eden space 512K, 0% used [0x00000000eab00000,0x00000000eab00000,0x00000000eab80000)
  from space 1024K, 75% used [0x00000000eab80000,0x00000000eac41fd0,0x00000000eac80000)
  to   space 1024K, 0% used [0x00000000ead80000,0x00000000ead80000,0x00000000eae80000)
 ParOldGen       total 265216K, used 240809K [0x00000000c0000000, 0x00000000d0300000, 0x00000000eab00000)
  object space 265216K, 90% used [0x00000000c0000000,0x00000000ceb2a510,0x00000000d0300000)
 Metaspace       used 78099K, committed 79488K, reserved 1179648K
  class space    used 8238K, committed 8832K, reserved 1048576K
}
Event: 38.950 GC heap before
{Heap before GC invocations=452 (full 17):
 PSYoungGen      total 1536K, used 1287K [0x00000000eab00000, 0x00000000eae80000, 0x0000000100000000)
  eden space 512K, 100% used [0x00000000eab00000,0x00000000eab80000,0x00000000eab80000)
  from space 1024K, 75% used [0x00000000eab80000,0x00000000eac41fd0,0x00000000eac80000)
  to   space 1024K, 0% used [0x00000000ead80000,0x00000000ead80000,0x00000000eae80000)
 ParOldGen       total 265216K, used 240809K [0x00000000c0000000, 0x00000000d0300000, 0x00000000eab00000)
  object space 265216K, 90% used [0x00000000c0000000,0x00000000ceb2a510,0x00000000d0300000)
 Metaspace       used 78099K, committed 79488K, reserved 1179648K
  class space    used 8238K, committed 8832K, reserved 1048576K
}
Event: 38.954 GC heap after
{Heap after GC invocations=452 (full 17):
 PSYoungGen      total 1536K, used 723K [0x00000000eab00000, 0x00000000eae80000, 0x0000000100000000)
  eden space 512K, 0% used [0x00000000eab00000,0x00000000eab00000,0x00000000eab80000)
  from space 1024K, 70% used [0x00000000ead80000,0x00000000eae34fd0,0x00000000eae80000)
  to   space 1024K, 0% used [0x00000000eab80000,0x00000000eab80000,0x00000000eac80000)
 ParOldGen       total 265216K, used 241362K [0x00000000c0000000, 0x00000000d0300000, 0x00000000eab00000)
  object space 265216K, 91% used [0x00000000c0000000,0x00000000cebb4a00,0x00000000d0300000)
 Metaspace       used 78099K, committed 79488K, reserved 1179648K
  class space    used 8238K, committed 8832K, reserved 1048576K
}
Event: 38.976 GC heap before
{Heap before GC invocations=453 (full 17):
 PSYoungGen      total 1536K, used 1223K [0x00000000eab00000, 0x00000000eae80000, 0x0000000100000000)
  eden space 512K, 97% used [0x00000000eab00000,0x00000000eab7d018,0x00000000eab80000)
  from space 1024K, 70% used [0x00000000ead80000,0x00000000eae34fd0,0x00000000eae80000)
  to   space 1024K, 0% used [0x00000000eab80000,0x00000000eab80000,0x00000000eac80000)
 ParOldGen       total 265216K, used 241362K [0x00000000c0000000, 0x00000000d0300000, 0x00000000eab00000)
  object space 265216K, 91% used [0x00000000c0000000,0x00000000cebb4a00,0x00000000d0300000)
 Metaspace       used 78099K, committed 79488K, reserved 1179648K
  class space    used 8238K, committed 8832K, reserved 1048576K
}
Event: 38.979 GC heap after
{Heap after GC invocations=453 (full 17):
 PSYoungGen      total 1536K, used 736K [0x00000000eab00000, 0x00000000eae00000, 0x0000000100000000)
  eden space 512K, 0% used [0x00000000eab00000,0x00000000eab00000,0x00000000eab80000)
  from space 1024K, 71% used [0x00000000eab80000,0x00000000eac38000,0x00000000eac80000)
  to   space 1024K, 0% used [0x00000000ead00000,0x00000000ead00000,0x00000000eae00000)
 ParOldGen       total 265216K, used 241913K [0x00000000c0000000, 0x00000000d0300000, 0x00000000eab00000)
  object space 265216K, 91% used [0x00000000c0000000,0x00000000cec3e470,0x00000000d0300000)
 Metaspace       used 78099K, committed 79488K, reserved 1179648K
  class space    used 8238K, committed 8832K, reserved 1048576K
}
Event: 38.994 GC heap before
{Heap before GC invocations=454 (full 17):
 PSYoungGen      total 1536K, used 1248K [0x00000000eab00000, 0x00000000eae00000, 0x0000000100000000)
  eden space 512K, 100% used [0x00000000eab00000,0x00000000eab80000,0x00000000eab80000)
  from space 1024K, 71% used [0x00000000eab80000,0x00000000eac38000,0x00000000eac80000)
  to   space 1024K, 0% used [0x00000000ead00000,0x00000000ead00000,0x00000000eae00000)
 ParOldGen       total 265216K, used 241913K [0x00000000c0000000, 0x00000000d0300000, 0x00000000eab00000)
  object space 265216K, 91% used [0x00000000c0000000,0x00000000cec3e470,0x00000000d0300000)
 Metaspace       used 78099K, committed 79488K, reserved 1179648K
  class space    used 8238K, committed 8832K, reserved 1048576K
}
Event: 38.997 GC heap after
{Heap after GC invocations=454 (full 17):
 PSYoungGen      total 2048K, used 785K [0x00000000eab00000, 0x00000000eae00000, 0x0000000100000000)
  eden space 1024K, 0% used [0x00000000eab00000,0x00000000eab00000,0x00000000eac00000)
  from space 1024K, 76% used [0x00000000ead00000,0x00000000eadc47d0,0x00000000eae00000)
  to   space 1024K, 0% used [0x00000000eac00000,0x00000000eac00000,0x00000000ead00000)
 ParOldGen       total 265216K, used 242446K [0x00000000c0000000, 0x00000000d0300000, 0x00000000eab00000)
  object space 265216K, 91% used [0x00000000c0000000,0x00000000cecc39c0,0x00000000d0300000)
 Metaspace       used 78099K, committed 79488K, reserved 1179648K
  class space    used 8238K, committed 8832K, reserved 1048576K
}
Event: 39.032 GC heap before
{Heap before GC invocations=455 (full 17):
 PSYoungGen      total 2048K, used 1809K [0x00000000eab00000, 0x00000000eae00000, 0x0000000100000000)
  eden space 1024K, 100% used [0x00000000eab00000,0x00000000eac00000,0x00000000eac00000)
  from space 1024K, 76% used [0x00000000ead00000,0x00000000eadc47d0,0x00000000eae00000)
  to   space 1024K, 0% used [0x00000000eac00000,0x00000000eac00000,0x00000000ead00000)
 ParOldGen       total 265216K, used 242446K [0x00000000c0000000, 0x00000000d0300000, 0x00000000eab00000)
  object space 265216K, 91% used [0x00000000c0000000,0x00000000cecc39c0,0x00000000d0300000)
 Metaspace       used 78099K, committed 79488K, reserved 1179648K
  class space    used 8238K, committed 8832K, reserved 1048576K
}
Event: 39.034 GC heap after
{Heap after GC invocations=455 (full 17):
 PSYoungGen      total 2048K, used 1006K [0x00000000eab00000, 0x00000000eb000000, 0x0000000100000000)
  eden space 1024K, 0% used [0x00000000eab00000,0x00000000eab00000,0x00000000eac00000)
  from space 1024K, 98% used [0x00000000eac00000,0x00000000eacfb800,0x00000000ead00000)
  to   space 2048K, 0% used [0x00000000eae00000,0x00000000eae00000,0x00000000eb000000)
 ParOldGen       total 265216K, used 243086K [0x00000000c0000000, 0x00000000d0300000, 0x00000000eab00000)
  object space 265216K, 91% used [0x00000000c0000000,0x00000000ced63930,0x00000000d0300000)
 Metaspace       used 78099K, committed 79488K, reserved 1179648K
  class space    used 8238K, committed 8832K, reserved 1048576K
}
Event: 39.087 GC heap before
{Heap before GC invocations=456 (full 17):
 PSYoungGen      total 2048K, used 2030K [0x00000000eab00000, 0x00000000eb000000, 0x0000000100000000)
  eden space 1024K, 100% used [0x00000000eab00000,0x00000000eac00000,0x00000000eac00000)
  from space 1024K, 98% used [0x00000000eac00000,0x00000000eacfb800,0x00000000ead00000)
  to   space 2048K, 0% used [0x00000000eae00000,0x00000000eae00000,0x00000000eb000000)
 ParOldGen       total 265216K, used 243086K [0x00000000c0000000, 0x00000000d0300000, 0x00000000eab00000)
  object space 265216K, 91% used [0x00000000c0000000,0x00000000ced63930,0x00000000d0300000)
 Metaspace       used 78099K, committed 79488K, reserved 1179648K
  class space    used 8238K, committed 8832K, reserved 1048576K
}
Event: 39.092 GC heap after
{Heap after GC invocations=456 (full 17):
 PSYoungGen      total 2560K, used 1227K [0x00000000eab00000, 0x00000000eaf80000, 0x0000000100000000)
  eden space 1024K, 0% used [0x00000000eab00000,0x00000000eab00000,0x00000000eac00000)
  from space 1536K, 79% used [0x00000000eae00000,0x00000000eaf32e60,0x00000000eaf80000)
  to   space 1536K, 0% used [0x00000000eac80000,0x00000000eac80000,0x00000000eae00000)
 ParOldGen       total 265216K, used 244053K [0x00000000c0000000, 0x00000000d0300000, 0x00000000eab00000)
  object space 265216K, 92% used [0x00000000c0000000,0x00000000cee55650,0x00000000d0300000)
 Metaspace       used 78099K, committed 79488K, reserved 1179648K
  class space    used 8238K, committed 8832K, reserved 1048576K
}

