# JRE version: OpenJDK Runtime Environment Temurin-17.0.12+7 (17.0.12+7) (build 17.0.12+7)
# Java VM: OpenJDK 64-Bit Server VM Temurin-17.0.12+7 (17.0.12+7, mixed mode, tiered, compressed oops, compressed class ptrs, parallel gc, windows-amd64)
GC Precious Log:
 CPUs: 16 total, 16 available
 Memory: 15709M
 Large Page Support: Disabled
 NUMA Support: Disabled
 Compressed Oops: Enabled (32-bit)
 Alignments: Space 512K, Generation 512K, Heap 2M
 Heap Min Capacity: 100M
 Heap Initial Capacity: 100M
 Heap Max Capacity: 1G
 Pre-touch: Disabled
 Parallel Workers: 13
Heap:
 PSYoungGen      total 13312K, used 13311K [0x00000000eab00000, 0x00000000eba80000, 0x0000000100000000)
  eden space 12800K, 100% used [0x00000000eab00000,0x00000000eb780000,0x00000000eb780000)
  from space 512K, 99% used [0x00000000eba00000,0x00000000eba7ff80,0x00000000eba80000)
  to   space 1536K, 0% used [0x00000000eb880000,0x00000000eb880000,0x00000000eba00000)
 ParOldGen       total 94720K, used 91701K [0x00000000c0000000, 0x00000000c5c80000, 0x00000000eab00000)
  object space 94720K, 96% used [0x00000000c0000000,0x00000000c598d4b0,0x00000000c5c80000)
 Metaspace       used 63149K, committed 64384K, reserved 1114112K
  class space    used 6705K, committed 7168K, reserved 1048576K
GC Heap History (20 events):
Event: 10.649 GC heap before
{Heap before GC invocations=51 (full 4):
 PSYoungGen      total 14336K, used 14325K [0x00000000eab00000, 0x00000000ebb80000, 0x0000000100000000)
  eden space 12800K, 100% used [0x00000000eab00000,0x00000000eb780000,0x00000000eb780000)
  from space 1536K, 99% used [0x00000000eb780000,0x00000000eb8fd7a0,0x00000000eb900000)
  to   space 2048K, 0% used [0x00000000eb980000,0x00000000eb980000,0x00000000ebb80000)
 ParOldGen       total 94720K, used 78869K [0x00000000c0000000, 0x00000000c5c80000, 0x00000000eab00000)
  object space 94720K, 83% used [0x00000000c0000000,0x00000000c4d05738,0x00000000c5c80000)
 Metaspace       used 62271K, committed 63488K, reserved 1114112K
  class space    used 6612K, committed 7104K, reserved 1048576K
}
Event: 10.652 GC heap after
{Heap after GC invocations=51 (full 4):
 PSYoungGen      total 13824K, used 995K [0x00000000eab00000, 0x00000000eba80000, 0x0000000100000000)
  eden space 12800K, 0% used [0x00000000eab00000,0x00000000eab00000,0x00000000eb780000)
  from space 1024K, 97% used [0x00000000eb980000,0x00000000eba78e30,0x00000000eba80000)
  to   space 1536K, 0% used [0x00000000eb780000,0x00000000eb780000,0x00000000eb900000)
 ParOldGen       total 94720K, used 79802K [0x00000000c0000000, 0x00000000c5c80000, 0x00000000eab00000)
  object space 94720K, 84% used [0x00000000c0000000,0x00000000c4deea70,0x00000000c5c80000)
 Metaspace       used 62271K, committed 63488K, reserved 1114112K
  class space    used 6612K, committed 7104K, reserved 1048576K
}
Event: 10.682 GC heap before
{Heap before GC invocations=52 (full 4):
 PSYoungGen      total 13824K, used 13795K [0x00000000eab00000, 0x00000000eba80000, 0x0000000100000000)
  eden space 12800K, 100% used [0x00000000eab00000,0x00000000eb780000,0x00000000eb780000)
  from space 1024K, 97% used [0x00000000eb980000,0x00000000eba78e30,0x00000000eba80000)
  to   space 1536K, 0% used [0x00000000eb780000,0x00000000eb780000,0x00000000eb900000)
 ParOldGen       total 94720K, used 79802K [0x00000000c0000000, 0x00000000c5c80000, 0x00000000eab00000)
  object space 94720K, 84% used [0x00000000c0000000,0x00000000c4deea70,0x00000000c5c80000)
 Metaspace       used 62335K, committed 63488K, reserved 1114112K
  class space    used 6617K, committed 7104K, reserved 1048576K
}
Event: 10.684 GC heap after
{Heap after GC invocations=52 (full 4):
 PSYoungGen      total 14336K, used 1446K [0x00000000eab00000, 0x00000000eba80000, 0x0000000100000000)
  eden space 12800K, 0% used [0x00000000eab00000,0x00000000eab00000,0x00000000eb780000)
  from space 1536K, 94% used [0x00000000eb780000,0x00000000eb8e9a50,0x00000000eb900000)
  to   space 1536K, 0% used [0x00000000eb900000,0x00000000eb900000,0x00000000eba80000)
 ParOldGen       total 94720K, used 80308K [0x00000000c0000000, 0x00000000c5c80000, 0x00000000eab00000)
  object space 94720K, 84% used [0x00000000c0000000,0x00000000c4e6d120,0x00000000c5c80000)
 Metaspace       used 62335K, committed 63488K, reserved 1114112K
  class space    used 6617K, committed 7104K, reserved 1048576K
}
Event: 10.708 GC heap before
{Heap before GC invocations=53 (full 4):
 PSYoungGen      total 14336K, used 14246K [0x00000000eab00000, 0x00000000eba80000, 0x0000000100000000)
  eden space 12800K, 100% used [0x00000000eab00000,0x00000000eb780000,0x00000000eb780000)
  from space 1536K, 94% used [0x00000000eb780000,0x00000000eb8e9a50,0x00000000eb900000)
  to   space 1536K, 0% used [0x00000000eb900000,0x00000000eb900000,0x00000000eba80000)
 ParOldGen       total 94720K, used 80308K [0x00000000c0000000, 0x00000000c5c80000, 0x00000000eab00000)
  object space 94720K, 84% used [0x00000000c0000000,0x00000000c4e6d120,0x00000000c5c80000)
 Metaspace       used 62463K, committed 63616K, reserved 1114112K
  class space    used 6622K, committed 7104K, reserved 1048576K
}
Event: 10.710 GC heap after
{Heap after GC invocations=53 (full 4):
 PSYoungGen      total 14336K, used 1358K [0x00000000eab00000, 0x00000000eba80000, 0x0000000100000000)
  eden space 12800K, 0% used [0x00000000eab00000,0x00000000eab00000,0x00000000eb780000)
  from space 1536K, 88% used [0x00000000eb900000,0x00000000eba53b68,0x00000000eba80000)
  to   space 1536K, 0% used [0x00000000eb780000,0x00000000eb780000,0x00000000eb900000)
 ParOldGen       total 94720K, used 81405K [0x00000000c0000000, 0x00000000c5c80000, 0x00000000eab00000)
  object space 94720K, 85% used [0x00000000c0000000,0x00000000c4f7f418,0x00000000c5c80000)
 Metaspace       used 62463K, committed 63616K, reserved 1114112K
  class space    used 6622K, committed 7104K, reserved 1048576K
}
Event: 10.733 GC heap before
{Heap before GC invocations=54 (full 4):
 PSYoungGen      total 14336K, used 14158K [0x00000000eab00000, 0x00000000eba80000, 0x0000000100000000)
  eden space 12800K, 100% used [0x00000000eab00000,0x00000000eb780000,0x00000000eb780000)
  from space 1536K, 88% used [0x00000000eb900000,0x00000000eba53b68,0x00000000eba80000)
  to   space 1536K, 0% used [0x00000000eb780000,0x00000000eb780000,0x00000000eb900000)
 ParOldGen       total 94720K, used 81405K [0x00000000c0000000, 0x00000000c5c80000, 0x00000000eab00000)
  object space 94720K, 85% used [0x00000000c0000000,0x00000000c4f7f418,0x00000000c5c80000)
 Metaspace       used 62655K, committed 63808K, reserved 1114112K
  class space    used 6627K, committed 7104K, reserved 1048576K
}
Event: 10.735 GC heap after
{Heap after GC invocations=54 (full 4):
 PSYoungGen      total 14336K, used 1522K [0x00000000eab00000, 0x00000000ebd80000, 0x0000000100000000)
  eden space 12800K, 0% used [0x00000000eab00000,0x00000000eab00000,0x00000000eb780000)
  from space 1536K, 99% used [0x00000000eb780000,0x00000000eb8fc808,0x00000000eb900000)
  to   space 3072K, 0% used [0x00000000eba80000,0x00000000eba80000,0x00000000ebd80000)
 ParOldGen       total 94720K, used 82638K [0x00000000c0000000, 0x00000000c5c80000, 0x00000000eab00000)
  object space 94720K, 87% used [0x00000000c0000000,0x00000000c50b3978,0x00000000c5c80000)
 Metaspace       used 62655K, committed 63808K, reserved 1114112K
  class space    used 6627K, committed 7104K, reserved 1048576K
}
Event: 10.761 GC heap before
{Heap before GC invocations=55 (full 4):
 PSYoungGen      total 14336K, used 13818K [0x00000000eab00000, 0x00000000ebd80000, 0x0000000100000000)
  eden space 12800K, 96% used [0x00000000eab00000,0x00000000eb702328,0x00000000eb780000)
  from space 1536K, 99% used [0x00000000eb780000,0x00000000eb8fc808,0x00000000eb900000)
  to   space 3072K, 0% used [0x00000000eba80000,0x00000000eba80000,0x00000000ebd80000)
 ParOldGen       total 94720K, used 82638K [0x00000000c0000000, 0x00000000c5c80000, 0x00000000eab00000)
  object space 94720K, 87% used [0x00000000c0000000,0x00000000c50b3978,0x00000000c5c80000)
 Metaspace       used 62749K, committed 63936K, reserved 1114112K
  class space    used 6636K, committed 7104K, reserved 1048576K
}
Event: 10.763 GC heap after
{Heap after GC invocations=55 (full 4):
 PSYoungGen      total 14336K, used 1210K [0x00000000eab00000, 0x00000000ebc00000, 0x0000000100000000)
  eden space 12800K, 0% used [0x00000000eab00000,0x00000000eab00000,0x00000000eb780000)
  from space 1536K, 78% used [0x00000000eba80000,0x00000000ebbae8c8,0x00000000ebc00000)
  to   space 2048K, 0% used [0x00000000eb800000,0x00000000eb800000,0x00000000eba00000)
 ParOldGen       total 94720K, used 83709K [0x00000000c0000000, 0x00000000c5c80000, 0x00000000eab00000)
  object space 94720K, 88% used [0x00000000c0000000,0x00000000c51bf618,0x00000000c5c80000)
 Metaspace       used 62749K, committed 63936K, reserved 1114112K
  class space    used 6636K, committed 7104K, reserved 1048576K
}
Event: 10.788 GC heap before
{Heap before GC invocations=56 (full 4):
 PSYoungGen      total 14336K, used 14010K [0x00000000eab00000, 0x00000000ebc00000, 0x0000000100000000)
  eden space 12800K, 100% used [0x00000000eab00000,0x00000000eb780000,0x00000000eb780000)
  from space 1536K, 78% used [0x00000000eba80000,0x00000000ebbae8c8,0x00000000ebc00000)
  to   space 2048K, 0% used [0x00000000eb800000,0x00000000eb800000,0x00000000eba00000)
 ParOldGen       total 94720K, used 83709K [0x00000000c0000000, 0x00000000c5c80000, 0x00000000eab00000)
  object space 94720K, 88% used [0x00000000c0000000,0x00000000c51bf618,0x00000000c5c80000)
 Metaspace       used 62852K, committed 64000K, reserved 1114112K
  class space    used 6658K, committed 7104K, reserved 1048576K
}
Event: 10.790 GC heap after
{Heap after GC invocations=56 (full 4):
 PSYoungGen      total 14848K, used 2024K [0x00000000eab00000, 0x00000000ebe80000, 0x0000000100000000)
  eden space 12800K, 0% used [0x00000000eab00000,0x00000000eab00000,0x00000000eb780000)
  from space 2048K, 98% used [0x00000000eb800000,0x00000000eb9fa1f0,0x00000000eba00000)
  to   space 3584K, 0% used [0x00000000ebb00000,0x00000000ebb00000,0x00000000ebe80000)
 ParOldGen       total 94720K, used 84845K [0x00000000c0000000, 0x00000000c5c80000, 0x00000000eab00000)
  object space 94720K, 89% used [0x00000000c0000000,0x00000000c52db558,0x00000000c5c80000)
 Metaspace       used 62852K, committed 64000K, reserved 1114112K
  class space    used 6658K, committed 7104K, reserved 1048576K
}
Event: 10.807 GC heap before
{Heap before GC invocations=57 (full 4):
 PSYoungGen      total 14848K, used 14824K [0x00000000eab00000, 0x00000000ebe80000, 0x0000000100000000)
  eden space 12800K, 100% used [0x00000000eab00000,0x00000000eb780000,0x00000000eb780000)
  from space 2048K, 98% used [0x00000000eb800000,0x00000000eb9fa1f0,0x00000000eba00000)
  to   space 3584K, 0% used [0x00000000ebb00000,0x00000000ebb00000,0x00000000ebe80000)
 ParOldGen       total 94720K, used 84845K [0x00000000c0000000, 0x00000000c5c80000, 0x00000000eab00000)
  object space 94720K, 89% used [0x00000000c0000000,0x00000000c52db558,0x00000000c5c80000)
 Metaspace       used 62898K, committed 64064K, reserved 1114112K
  class space    used 6665K, committed 7104K, reserved 1048576K
}
Event: 10.809 GC heap after
{Heap after GC invocations=57 (full 4):
 PSYoungGen      total 14336K, used 1405K [0x00000000eab00000, 0x00000000ebc80000, 0x0000000100000000)
  eden space 12800K, 0% used [0x00000000eab00000,0x00000000eab00000,0x00000000eb780000)
  from space 1536K, 91% used [0x00000000ebb00000,0x00000000ebc5f690,0x00000000ebc80000)
  to   space 2048K, 0% used [0x00000000eb880000,0x00000000eb880000,0x00000000eba80000)
 ParOldGen       total 94720K, used 86468K [0x00000000c0000000, 0x00000000c5c80000, 0x00000000eab00000)
  object space 94720K, 91% used [0x00000000c0000000,0x00000000c54713d0,0x00000000c5c80000)
 Metaspace       used 62898K, committed 64064K, reserved 1114112K
  class space    used 6665K, committed 7104K, reserved 1048576K
}
Event: 10.827 GC heap before
{Heap before GC invocations=58 (full 4):
 PSYoungGen      total 14336K, used 14205K [0x00000000eab00000, 0x00000000ebc80000, 0x0000000100000000)
  eden space 12800K, 100% used [0x00000000eab00000,0x00000000eb780000,0x00000000eb780000)
  from space 1536K, 91% used [0x00000000ebb00000,0x00000000ebc5f690,0x00000000ebc80000)
  to   space 2048K, 0% used [0x00000000eb880000,0x00000000eb880000,0x00000000eba80000)
 ParOldGen       total 94720K, used 86468K [0x00000000c0000000, 0x00000000c5c80000, 0x00000000eab00000)
  object space 94720K, 91% used [0x00000000c0000000,0x00000000c54713d0,0x00000000c5c80000)
 Metaspace       used 62939K, committed 64128K, reserved 1114112K
  class space    used 6671K, committed 7168K, reserved 1048576K
}
Event: 10.829 GC heap after
{Heap after GC invocations=58 (full 4):
 PSYoungGen      total 14336K, used 1463K [0x00000000eab00000, 0x00000000ebb80000, 0x0000000100000000)
  eden space 12800K, 0% used [0x00000000eab00000,0x00000000eab00000,0x00000000eb780000)
  from space 1536K, 95% used [0x00000000eb880000,0x00000000eb9edd20,0x00000000eba00000)
  to   space 1536K, 0% used [0x00000000eba00000,0x00000000eba00000,0x00000000ebb80000)
 ParOldGen       total 94720K, used 87372K [0x00000000c0000000, 0x00000000c5c80000, 0x00000000eab00000)
  object space 94720K, 92% used [0x00000000c0000000,0x00000000c5553120,0x00000000c5c80000)
 Metaspace       used 62939K, committed 64128K, reserved 1114112K
  class space    used 6671K, committed 7168K, reserved 1048576K
}
Event: 10.847 GC heap before
{Heap before GC invocations=59 (full 4):
 PSYoungGen      total 14336K, used 14263K [0x00000000eab00000, 0x00000000ebb80000, 0x0000000100000000)
  eden space 12800K, 100% used [0x00000000eab00000,0x00000000eb780000,0x00000000eb780000)
  from space 1536K, 95% used [0x00000000eb880000,0x00000000eb9edd20,0x00000000eba00000)
  to   space 1536K, 0% used [0x00000000eba00000,0x00000000eba00000,0x00000000ebb80000)
 ParOldGen       total 94720K, used 87372K [0x00000000c0000000, 0x00000000c5c80000, 0x00000000eab00000)
  object space 94720K, 92% used [0x00000000c0000000,0x00000000c5553120,0x00000000c5c80000)
 Metaspace       used 62985K, committed 64256K, reserved 1114112K
  class space    used 6679K, committed 7168K, reserved 1048576K
}
Event: 10.849 GC heap after
{Heap after GC invocations=59 (full 4):
 PSYoungGen      total 14336K, used 1204K [0x00000000eab00000, 0x00000000ebb80000, 0x0000000100000000)
  eden space 12800K, 0% used [0x00000000eab00000,0x00000000eab00000,0x00000000eb780000)
  from space 1536K, 78% used [0x00000000eba00000,0x00000000ebb2d3b0,0x00000000ebb80000)
  to   space 1536K, 0% used [0x00000000eb880000,0x00000000eb880000,0x00000000eba00000)
 ParOldGen       total 94720K, used 88694K [0x00000000c0000000, 0x00000000c5c80000, 0x00000000eab00000)
  object space 94720K, 93% used [0x00000000c0000000,0x00000000c569dac8,0x00000000c5c80000)
 Metaspace       used 62985K, committed 64256K, reserved 1114112K
  class space    used 6679K, committed 7168K, reserved 1048576K
}
Event: 10.874 GC heap before
{Heap before GC invocations=60 (full 4):
 PSYoungGen      total 14336K, used 14004K [0x00000000eab00000, 0x00000000ebb80000, 0x0000000100000000)
  eden space 12800K, 100% used [0x00000000eab00000,0x00000000eb780000,0x00000000eb780000)
  from space 1536K, 78% used [0x00000000eba00000,0x00000000ebb2d3b0,0x00000000ebb80000)
  to   space 1536K, 0% used [0x00000000eb880000,0x00000000eb880000,0x00000000eba00000)
 ParOldGen       total 94720K, used 88694K [0x00000000c0000000, 0x00000000c5c80000, 0x00000000eab00000)
  object space 94720K, 93% used [0x00000000c0000000,0x00000000c569dac8,0x00000000c5c80000)
 Metaspace       used 63071K, committed 64320K, reserved 1114112K
  class space    used 6700K, committed 7168K, reserved 1048576K
}
Event: 10.876 GC heap after
{Heap after GC invocations=60 (full 4):
 PSYoungGen      total 14336K, used 1111K [0x00000000eab00000, 0x00000000eba80000, 0x0000000100000000)
  eden space 12800K, 0% used [0x00000000eab00000,0x00000000eab00000,0x00000000eb780000)
  from space 1536K, 72% used [0x00000000eb880000,0x00000000eb995ef0,0x00000000eba00000)
  to   space 512K, 0% used [0x00000000eba00000,0x00000000eba00000,0x00000000eba80000)
 ParOldGen       total 94720K, used 89706K [0x00000000c0000000, 0x00000000c5c80000, 0x00000000eab00000)
  object space 94720K, 94% used [0x00000000c0000000,0x00000000c579a908,0x00000000c5c80000)
 Metaspace       used 63071K, committed 64320K, reserved 1114112K
  class space    used 6700K, committed 7168K, reserved 1048576K
}

