# JRE version: OpenJDK Runtime Environment Temurin-17.0.12+7 (17.0.12+7) (build 17.0.12+7)
# Java VM: OpenJDK 64-Bit Server VM Temurin-17.0.12+7 (17.0.12+7, mixed mode, tiered, compressed oops, compressed class ptrs, parallel gc, windows-amd64)
GC Precious Log:
 CPUs: 16 total, 16 available
 Memory: 15709M
 Large Page Support: Disabled
 NUMA Support: Disabled
 Compressed Oops: Enabled (32-bit)
 Alignments: Space 512K, Generation 512K, Heap 2M
 Heap Min Capacity: 100M
 Heap Initial Capacity: 100M
 Heap Max Capacity: 1G
 Pre-touch: Disabled
 Parallel Workers: 13
Heap:
 PSYoungGen      total 13824K, used 13310K [0x00000000eab00000, 0x00000000ebd80000, 0x0000000100000000)
  eden space 10752K, 95% used [0x00000000eab00000,0x00000000eb50fb18,0x00000000eb580000)
  from space 3072K, 97% used [0x00000000eba80000,0x00000000ebd700d8,0x00000000ebd80000)
  to   space 4096K, 0% used [0x00000000eb580000,0x00000000eb580000,0x00000000eb980000)
 ParOldGen       total 236032K, used 202664K [0x00000000c0000000, 0x00000000ce680000, 0x00000000eab00000)
  object space 236032K, 85% used [0x00000000c0000000,0x00000000cc5ea3f0,0x00000000ce680000)
 Metaspace       used 64926K, committed 66112K, reserved 1114112K
  class space    used 6785K, committed 7296K, reserved 1048576K
GC Heap History (20 events):
Event: 10.651 GC heap before
{Heap before GC invocations=123 (full 7):
 PSYoungGen      total 13312K, used 12806K [0x00000000eab00000, 0x00000000eba80000, 0x0000000100000000)
  eden space 11264K, 100% used [0x00000000eab00000,0x00000000eb600000,0x00000000eb600000)
  from space 2048K, 75% used [0x00000000eb800000,0x00000000eb9818c8,0x00000000eba00000)
  to   space 2048K, 0% used [0x00000000eb600000,0x00000000eb600000,0x00000000eb800000)
 ParOldGen       total 200704K, used 191710K [0x00000000c0000000, 0x00000000cc400000, 0x00000000eab00000)
  object space 200704K, 95% used [0x00000000c0000000,0x00000000cbb37988,0x00000000cc400000)
 Metaspace       used 63426K, committed 64640K, reserved 1114112K
  class space    used 6655K, committed 7168K, reserved 1048576K
}
Event: 10.654 GC heap after
{Heap after GC invocations=123 (full 7):
 PSYoungGen      total 13312K, used 1589K [0x00000000eab00000, 0x00000000ebb80000, 0x0000000100000000)
  eden space 11264K, 0% used [0x00000000eab00000,0x00000000eab00000,0x00000000eb600000)
  from space 2048K, 77% used [0x00000000eb600000,0x00000000eb78d668,0x00000000eb800000)
  to   space 2048K, 0% used [0x00000000eb980000,0x00000000eb980000,0x00000000ebb80000)
 ParOldGen       total 200704K, used 192659K [0x00000000c0000000, 0x00000000cc400000, 0x00000000eab00000)
  object space 200704K, 95% used [0x00000000c0000000,0x00000000cbc24c40,0x00000000cc400000)
 Metaspace       used 63426K, committed 64640K, reserved 1114112K
  class space    used 6655K, committed 7168K, reserved 1048576K
}
Event: 10.686 GC heap before
{Heap before GC invocations=124 (full 7):
 PSYoungGen      total 13312K, used 12853K [0x00000000eab00000, 0x00000000ebb80000, 0x0000000100000000)
  eden space 11264K, 100% used [0x00000000eab00000,0x00000000eb600000,0x00000000eb600000)
  from space 2048K, 77% used [0x00000000eb600000,0x00000000eb78d668,0x00000000eb800000)
  to   space 2048K, 0% used [0x00000000eb980000,0x00000000eb980000,0x00000000ebb80000)
 ParOldGen       total 200704K, used 192659K [0x00000000c0000000, 0x00000000cc400000, 0x00000000eab00000)
  object space 200704K, 95% used [0x00000000c0000000,0x00000000cbc24c40,0x00000000cc400000)
 Metaspace       used 63747K, committed 64960K, reserved 1114112K
  class space    used 6692K, committed 7232K, reserved 1048576K
}
Event: 10.689 GC heap after
{Heap after GC invocations=124 (full 7):
 PSYoungGen      total 12800K, used 2039K [0x00000000eab00000, 0x00000000ebe00000, 0x0000000100000000)
  eden space 10752K, 0% used [0x00000000eab00000,0x00000000eab00000,0x00000000eb580000)
  from space 2048K, 99% used [0x00000000eb980000,0x00000000ebb7de98,0x00000000ebb80000)
  to   space 4096K, 0% used [0x00000000eb580000,0x00000000eb580000,0x00000000eb980000)
 ParOldGen       total 200704K, used 194031K [0x00000000c0000000, 0x00000000cc400000, 0x00000000eab00000)
  object space 200704K, 96% used [0x00000000c0000000,0x00000000cbd7bd88,0x00000000cc400000)
 Metaspace       used 63747K, committed 64960K, reserved 1114112K
  class space    used 6692K, committed 7232K, reserved 1048576K
}
Event: 10.722 GC heap before
{Heap before GC invocations=125 (full 7):
 PSYoungGen      total 12800K, used 12791K [0x00000000eab00000, 0x00000000ebe00000, 0x0000000100000000)
  eden space 10752K, 100% used [0x00000000eab00000,0x00000000eb580000,0x00000000eb580000)
  from space 2048K, 99% used [0x00000000eb980000,0x00000000ebb7de98,0x00000000ebb80000)
  to   space 4096K, 0% used [0x00000000eb580000,0x00000000eb580000,0x00000000eb980000)
 ParOldGen       total 200704K, used 194031K [0x00000000c0000000, 0x00000000cc400000, 0x00000000eab00000)
  object space 200704K, 96% used [0x00000000c0000000,0x00000000cbd7bd88,0x00000000cc400000)
 Metaspace       used 64044K, committed 65280K, reserved 1114112K
  class space    used 6724K, committed 7232K, reserved 1048576K
}
Event: 10.726 GC heap after
{Heap after GC invocations=125 (full 7):
 PSYoungGen      total 13312K, used 2345K [0x00000000eab00000, 0x00000000ebb80000, 0x0000000100000000)
  eden space 10752K, 0% used [0x00000000eab00000,0x00000000eab00000,0x00000000eb580000)
  from space 2560K, 91% used [0x00000000eb580000,0x00000000eb7ca658,0x00000000eb800000)
  to   space 3072K, 0% used [0x00000000eb880000,0x00000000eb880000,0x00000000ebb80000)
 ParOldGen       total 200704K, used 195990K [0x00000000c0000000, 0x00000000cc400000, 0x00000000eab00000)
  object space 200704K, 97% used [0x00000000c0000000,0x00000000cbf65b18,0x00000000cc400000)
 Metaspace       used 64044K, committed 65280K, reserved 1114112K
  class space    used 6724K, committed 7232K, reserved 1048576K
}
Event: 10.757 GC heap before
{Heap before GC invocations=126 (full 7):
 PSYoungGen      total 13312K, used 13074K [0x00000000eab00000, 0x00000000ebb80000, 0x0000000100000000)
  eden space 10752K, 99% used [0x00000000eab00000,0x00000000eb57a230,0x00000000eb580000)
  from space 2560K, 91% used [0x00000000eb580000,0x00000000eb7ca658,0x00000000eb800000)
  to   space 3072K, 0% used [0x00000000eb880000,0x00000000eb880000,0x00000000ebb80000)
 ParOldGen       total 200704K, used 195990K [0x00000000c0000000, 0x00000000cc400000, 0x00000000eab00000)
  object space 200704K, 97% used [0x00000000c0000000,0x00000000cbf65b18,0x00000000cc400000)
 Metaspace       used 64217K, committed 65408K, reserved 1114112K
  class space    used 6735K, committed 7232K, reserved 1048576K
}
Event: 10.761 GC heap after
{Heap after GC invocations=126 (full 7):
 PSYoungGen      total 13312K, used 2380K [0x00000000eab00000, 0x00000000ebb00000, 0x0000000100000000)
  eden space 10752K, 0% used [0x00000000eab00000,0x00000000eab00000,0x00000000eb580000)
  from space 2560K, 92% used [0x00000000eb880000,0x00000000ebad30f8,0x00000000ebb00000)
  to   space 2560K, 0% used [0x00000000eb580000,0x00000000eb580000,0x00000000eb800000)
 ParOldGen       total 200704K, used 198090K [0x00000000c0000000, 0x00000000cc400000, 0x00000000eab00000)
  object space 200704K, 98% used [0x00000000c0000000,0x00000000cc172ae8,0x00000000cc400000)
 Metaspace       used 64217K, committed 65408K, reserved 1114112K
  class space    used 6735K, committed 7232K, reserved 1048576K
}
Event: 10.805 GC heap before
{Heap before GC invocations=127 (full 7):
 PSYoungGen      total 13312K, used 13132K [0x00000000eab00000, 0x00000000ebb00000, 0x0000000100000000)
  eden space 10752K, 100% used [0x00000000eab00000,0x00000000eb580000,0x00000000eb580000)
  from space 2560K, 92% used [0x00000000eb880000,0x00000000ebad30f8,0x00000000ebb00000)
  to   space 2560K, 0% used [0x00000000eb580000,0x00000000eb580000,0x00000000eb800000)
 ParOldGen       total 200704K, used 198090K [0x00000000c0000000, 0x00000000cc400000, 0x00000000eab00000)
  object space 200704K, 98% used [0x00000000c0000000,0x00000000cc172ae8,0x00000000cc400000)
 Metaspace       used 64367K, committed 65600K, reserved 1114112K
  class space    used 6749K, committed 7296K, reserved 1048576K
}
Event: 10.810 GC heap after
{Heap after GC invocations=127 (full 7):
 PSYoungGen      total 13312K, used 2505K [0x00000000eab00000, 0x00000000eba80000, 0x0000000100000000)
  eden space 10752K, 0% used [0x00000000eab00000,0x00000000eab00000,0x00000000eb580000)
  from space 2560K, 97% used [0x00000000eb580000,0x00000000eb7f2418,0x00000000eb800000)
  to   space 2560K, 0% used [0x00000000eb800000,0x00000000eb800000,0x00000000eba80000)
 ParOldGen       total 200704K, used 200295K [0x00000000c0000000, 0x00000000cc400000, 0x00000000eab00000)
  object space 200704K, 99% used [0x00000000c0000000,0x00000000cc399f68,0x00000000cc400000)
 Metaspace       used 64367K, committed 65600K, reserved 1114112K
  class space    used 6749K, committed 7296K, reserved 1048576K
}
Event: 10.810 GC heap before
{Heap before GC invocations=128 (full 8):
 PSYoungGen      total 13312K, used 2505K [0x00000000eab00000, 0x00000000eba80000, 0x0000000100000000)
  eden space 10752K, 0% used [0x00000000eab00000,0x00000000eab00000,0x00000000eb580000)
  from space 2560K, 97% used [0x00000000eb580000,0x00000000eb7f2418,0x00000000eb800000)
  to   space 2560K, 0% used [0x00000000eb800000,0x00000000eb800000,0x00000000eba80000)
 ParOldGen       total 200704K, used 200295K [0x00000000c0000000, 0x00000000cc400000, 0x00000000eab00000)
  object space 200704K, 99% used [0x00000000c0000000,0x00000000cc399f68,0x00000000cc400000)
 Metaspace       used 64367K, committed 65600K, reserved 1114112K
  class space    used 6749K, committed 7296K, reserved 1048576K
}
Event: 10.943 GC heap after
{Heap after GC invocations=128 (full 8):
 PSYoungGen      total 13312K, used 0K [0x00000000eab00000, 0x00000000ebc00000, 0x0000000100000000)
  eden space 10752K, 0% used [0x00000000eab00000,0x00000000eab00000,0x00000000eb580000)
  from space 2560K, 0% used [0x00000000eb800000,0x00000000eb800000,0x00000000eba80000)
  to   space 2560K, 0% used [0x00000000eb580000,0x00000000eb580000,0x00000000eb800000)
 ParOldGen       total 236032K, used 195745K [0x00000000c0000000, 0x00000000ce680000, 0x00000000eab00000)
  object space 236032K, 82% used [0x00000000c0000000,0x00000000cbf28798,0x00000000ce680000)
 Metaspace       used 64367K, committed 65600K, reserved 1114112K
  class space    used 6749K, committed 7296K, reserved 1048576K
}
Event: 10.995 GC heap before
{Heap before GC invocations=129 (full 8):
 PSYoungGen      total 13312K, used 10752K [0x00000000eab00000, 0x00000000ebc00000, 0x0000000100000000)
  eden space 10752K, 100% used [0x00000000eab00000,0x00000000eb580000,0x00000000eb580000)
  from space 2560K, 0% used [0x00000000eb800000,0x00000000eb800000,0x00000000eba80000)
  to   space 2560K, 0% used [0x00000000eb580000,0x00000000eb580000,0x00000000eb800000)
 ParOldGen       total 236032K, used 195745K [0x00000000c0000000, 0x00000000ce680000, 0x00000000eab00000)
  object space 236032K, 82% used [0x00000000c0000000,0x00000000cbf28798,0x00000000ce680000)
 Metaspace       used 64489K, committed 65728K, reserved 1114112K
  class space    used 6757K, committed 7296K, reserved 1048576K
}
Event: 10.997 GC heap after
{Heap after GC invocations=129 (full 8):
 PSYoungGen      total 13312K, used 2541K [0x00000000eab00000, 0x00000000ebb80000, 0x0000000100000000)
  eden space 10752K, 0% used [0x00000000eab00000,0x00000000eab00000,0x00000000eb580000)
  from space 2560K, 99% used [0x00000000eb580000,0x00000000eb7fb4b8,0x00000000eb800000)
  to   space 3072K, 0% used [0x00000000eb880000,0x00000000eb880000,0x00000000ebb80000)
 ParOldGen       total 236032K, used 195789K [0x00000000c0000000, 0x00000000ce680000, 0x00000000eab00000)
  object space 236032K, 82% used [0x00000000c0000000,0x00000000cbf33418,0x00000000ce680000)
 Metaspace       used 64489K, committed 65728K, reserved 1114112K
  class space    used 6757K, committed 7296K, reserved 1048576K
}
Event: 11.083 GC heap before
{Heap before GC invocations=130 (full 8):
 PSYoungGen      total 13312K, used 13293K [0x00000000eab00000, 0x00000000ebb80000, 0x0000000100000000)
  eden space 10752K, 100% used [0x00000000eab00000,0x00000000eb580000,0x00000000eb580000)
  from space 2560K, 99% used [0x00000000eb580000,0x00000000eb7fb4b8,0x00000000eb800000)
  to   space 3072K, 0% used [0x00000000eb880000,0x00000000eb880000,0x00000000ebb80000)
 ParOldGen       total 236032K, used 195789K [0x00000000c0000000, 0x00000000ce680000, 0x00000000eab00000)
  object space 236032K, 82% used [0x00000000c0000000,0x00000000cbf33418,0x00000000ce680000)
 Metaspace       used 64629K, committed 65856K, reserved 1114112K
  class space    used 6774K, committed 7296K, reserved 1048576K
}
Event: 11.087 GC heap after
{Heap after GC invocations=130 (full 8):
 PSYoungGen      total 13312K, used 2524K [0x00000000eab00000, 0x00000000ebb00000, 0x0000000100000000)
  eden space 10752K, 0% used [0x00000000eab00000,0x00000000eab00000,0x00000000eb580000)
  from space 2560K, 98% used [0x00000000eb880000,0x00000000ebaf7308,0x00000000ebb00000)
  to   space 2560K, 0% used [0x00000000eb580000,0x00000000eb580000,0x00000000eb800000)
 ParOldGen       total 236032K, used 198102K [0x00000000c0000000, 0x00000000ce680000, 0x00000000eab00000)
  object space 236032K, 83% used [0x00000000c0000000,0x00000000cc1759d8,0x00000000ce680000)
 Metaspace       used 64629K, committed 65856K, reserved 1114112K
  class space    used 6774K, committed 7296K, reserved 1048576K
}
Event: 11.168 GC heap before
{Heap before GC invocations=131 (full 8):
 PSYoungGen      total 13312K, used 13276K [0x00000000eab00000, 0x00000000ebb00000, 0x0000000100000000)
  eden space 10752K, 100% used [0x00000000eab00000,0x00000000eb580000,0x00000000eb580000)
  from space 2560K, 98% used [0x00000000eb880000,0x00000000ebaf7308,0x00000000ebb00000)
  to   space 2560K, 0% used [0x00000000eb580000,0x00000000eb580000,0x00000000eb800000)
 ParOldGen       total 236032K, used 198102K [0x00000000c0000000, 0x00000000ce680000, 0x00000000eab00000)
  object space 236032K, 83% used [0x00000000c0000000,0x00000000cc1759d8,0x00000000ce680000)
 Metaspace       used 64750K, committed 65984K, reserved 1114112K
  class space    used 6784K, committed 7296K, reserved 1048576K
}
Event: 11.172 GC heap after
{Heap after GC invocations=131 (full 8):
 PSYoungGen      total 13312K, used 2545K [0x00000000eab00000, 0x00000000ebf80000, 0x0000000100000000)
  eden space 10752K, 0% used [0x00000000eab00000,0x00000000eab00000,0x00000000eb580000)
  from space 2560K, 99% used [0x00000000eb580000,0x00000000eb7fc448,0x00000000eb800000)
  to   space 5120K, 0% used [0x00000000eba80000,0x00000000eba80000,0x00000000ebf80000)
 ParOldGen       total 236032K, used 200231K [0x00000000c0000000, 0x00000000ce680000, 0x00000000eab00000)
  object space 236032K, 84% used [0x00000000c0000000,0x00000000cc389fe8,0x00000000ce680000)
 Metaspace       used 64750K, committed 65984K, reserved 1114112K
  class space    used 6784K, committed 7296K, reserved 1048576K
}
Event: 11.317 GC heap before
{Heap before GC invocations=132 (full 8):
 PSYoungGen      total 13312K, used 13297K [0x00000000eab00000, 0x00000000ebf80000, 0x0000000100000000)
  eden space 10752K, 100% used [0x00000000eab00000,0x00000000eb580000,0x00000000eb580000)
  from space 2560K, 99% used [0x00000000eb580000,0x00000000eb7fc448,0x00000000eb800000)
  to   space 5120K, 0% used [0x00000000eba80000,0x00000000eba80000,0x00000000ebf80000)
 ParOldGen       total 236032K, used 200231K [0x00000000c0000000, 0x00000000ce680000, 0x00000000eab00000)
  object space 236032K, 84% used [0x00000000c0000000,0x00000000cc389fe8,0x00000000ce680000)
 Metaspace       used 64829K, committed 66048K, reserved 1114112K
  class space    used 6784K, committed 7296K, reserved 1048576K
}
Event: 11.321 GC heap after
{Heap after GC invocations=132 (full 8):
 PSYoungGen      total 13824K, used 3008K [0x00000000eab00000, 0x00000000ebd80000, 0x0000000100000000)
  eden space 10752K, 0% used [0x00000000eab00000,0x00000000eab00000,0x00000000eb580000)
  from space 3072K, 97% used [0x00000000eba80000,0x00000000ebd700d8,0x00000000ebd80000)
  to   space 4096K, 0% used [0x00000000eb580000,0x00000000eb580000,0x00000000eb980000)
 ParOldGen       total 236032K, used 202664K [0x00000000c0000000, 0x00000000ce680000, 0x00000000eab00000)
  object space 236032K, 85% used [0x00000000c0000000,0x00000000cc5ea3f0,0x00000000ce680000)
 Metaspace       used 64829K, committed 66048K, reserved 1114112K
  class space    used 6784K, committed 7296K, reserved 1048576K
}

